2024-12-11 13:18:34,380 [WARNING] PyNaCl is not installed, voice will NOT be supported
2024-12-11 13:18:34,389 [INFO] logging in using static token
2024-12-11 13:19:22,797 [WARNING] PyNaCl is not installed, voice will NOT be supported
2024-12-11 13:19:22,812 [INFO] logging in using static token
2024-12-11 13:19:24,902 [INFO] Shard ID None has connected to Gateway (Session ID: dfddaa23351f3e8768a6b538e9b7e04d).
2024-12-11 13:22:52,345 [ERROR] Command not found: /aaa
2024-12-11 13:23:43,155 [WARNING] PyNaCl is not installed, voice will NOT be supported
2024-12-11 13:23:43,158 [INFO] logging in using static token
2024-12-11 13:23:44,966 [INFO] Shard ID None has connected to Gateway (Session ID: ca724abcdfbae247a5b3d22b81b7ec6c).
2024-12-11 13:33:10,303 [WARNING] PyNaCl is not installed, voice will NOT be supported
2024-12-11 13:33:10,303 [INFO] logging in using static token
2024-12-11 13:33:12,288 [INFO] Shard ID None has connected to Gateway (Session ID: b87d928728455a359a1b92c342148315).
2024-12-11 14:14:19,419 [WARNING] PyNaCl is not installed, voice will NOT be supported
2024-12-11 14:14:19,428 [INFO] logging in using static token
2024-12-11 14:14:21,696 [INFO] Shard ID None has connected to Gateway (Session ID: d2e74d81dfbbd7a771fd642eec1b7192).
2024-12-11 15:10:38,328 [WARNING] Shard ID None has stopped responding to the gateway. Closing and restarting.
2024-12-11 15:10:39,151 [INFO] Shard ID None session has been invalidated.
2024-12-11 15:10:45,613 [INFO] Shard ID None has connected to Gateway (Session ID: 56bed2fc9595a2a4b54e9dc603d4125d).
2024-12-11 15:30:53,383 [WARNING] PyNaCl is not installed, voice will NOT be supported
2024-12-11 15:30:53,391 [INFO] logging in using static token
2024-12-11 15:30:55,281 [INFO] Shard ID None has connected to Gateway (Session ID: f1f295a111ddeec4c60e80bab9797b05).
2024-12-11 15:31:11,214 [ERROR] Error in command /counts: project_id is a required argument that is missing.
2024-12-11 15:31:34,684 [ERROR] Error in command /logs: date is a required argument that is missing.
2024-12-11 15:34:23,640 [ERROR] Error in command /counts 0010 01-11-2024 01-12-2024: Command raised an exception: TypeError: attribute name must be string, not 'dict'
2024-12-11 15:36:01,400 [ERROR] Error in command /counts 0010 01-11-2024 01-12-2024: Command raised an exception: TypeError: attribute name must be string, not 'dict'
2024-12-11 15:36:12,280 [WARNING] PyNaCl is not installed, voice will NOT be supported
2024-12-11 15:36:12,285 [INFO] logging in using static token
2024-12-11 15:36:14,431 [INFO] Shard ID None has connected to Gateway (Session ID: 2666734d932e5d0bc7abd36e19ad443f).
2024-12-11 15:36:27,507 [ERROR] Error in command /counts 0010 01-11-2024 01-12-2024: Command raised an exception: TypeError: attribute name must be string, not 'dict'
2024-12-11 15:40:26,929 [WARNING] PyNaCl is not installed, voice will NOT be supported
2024-12-11 15:40:27,067 [INFO] logging in using static token
2024-12-11 15:40:28,949 [INFO] Shard ID None has connected to Gateway (Session ID: 4e1f28a04d090a8058ef553d286d8520).
2024-12-11 16:03:34,272 [INFO] Shard ID None has successfully RESUMED session 4e1f28a04d090a8058ef553d286d8520.
2024-12-11 17:35:58,373 [WARNING] Shard ID None has stopped responding to the gateway. Closing and restarting.
2024-12-11 17:35:59,968 [INFO] Shard ID None session has been invalidated.
2024-12-11 17:36:06,175 [INFO] Shard ID None has connected to Gateway (Session ID: 3d8f7aa857a012b648034abb4d1dfc0e).
2024-12-11 17:44:26,738 [WARNING] PyNaCl is not installed, voice will NOT be supported
2024-12-11 17:44:26,747 [INFO] logging in using static token
2024-12-11 17:44:28,648 [INFO] Shard ID None has connected to Gateway (Session ID: 2005f616f9c04bdeea63e2bb96d1d838).
2024-12-11 17:45:30,412 [WARNING] PyNaCl is not installed, voice will NOT be supported
2024-12-11 17:45:30,419 [INFO] logging in using static token
2024-12-11 17:45:32,135 [INFO] Shard ID None has connected to Gateway (Session ID: 293a7f1c8f03a6ffbd0d9c8ac58aa624).
2024-12-11 17:47:22,573 [WARNING] PyNaCl is not installed, voice will NOT be supported
2024-12-11 17:47:22,579 [INFO] logging in using static token
2024-12-11 17:47:24,617 [INFO] Shard ID None has connected to Gateway (Session ID: 069c8928402e82e761592e94e9856137).
2024-12-11 17:48:48,992 [WARNING] PyNaCl is not installed, voice will NOT be supported
2024-12-11 17:48:49,004 [INFO] logging in using static token
2024-12-11 17:48:51,045 [INFO] Shard ID None has connected to Gateway (Session ID: 0b6823bc22053eb9ab948351181d49d4).
2024-12-11 17:51:43,923 [WARNING] PyNaCl is not installed, voice will NOT be supported
2024-12-11 17:51:43,930 [INFO] logging in using static token
2024-12-11 17:51:46,038 [INFO] Shard ID None has connected to Gateway (Session ID: 7fee52036785f1b9569db304f8f594f3).
2024-12-11 17:52:02,865 [ERROR] Error in command /counts 0010 01-11-2024 01-12-2024: Command raised an exception: FileNotFoundError: [Errno 2] No such file or directory: "c:\\Nirmal\\Personal\\JMAX/result['file'])"
2024-12-11 17:52:30,846 [WARNING] PyNaCl is not installed, voice will NOT be supported
2024-12-11 17:52:30,860 [INFO] logging in using static token
2024-12-11 17:52:32,831 [INFO] Shard ID None has connected to Gateway (Session ID: 9d691d0709919d6dcd2e79b3f90c3e1c).
2024-12-11 17:59:22,750 [WARNING] PyNaCl is not installed, voice will NOT be supported
2024-12-11 17:59:22,753 [INFO] logging in using static token
2024-12-11 17:59:24,574 [INFO] Shard ID None has connected to Gateway (Session ID: 911c2173d322eb275c9a17b897bcc847).
2024-12-11 17:59:49,234 [ERROR] Command not found: /counts 0010 01-10-2024 01-11-2024
2024-12-11 18:11:15,390 [INFO] Shard ID None has successfully RESUMED session 2005f616f9c04bdeea63e2bb96d1d838.
2024-12-11 18:11:48,949 [WARNING] PyNaCl is not installed, voice will NOT be supported
2024-12-11 18:11:48,955 [INFO] logging in using static token
2024-12-11 18:11:51,061 [INFO] Shard ID None has connected to Gateway (Session ID: f617af5a9ff0b9e04ae20eb9b54df9dc).
2024-12-11 18:15:40,101 [WARNING] PyNaCl is not installed, voice will NOT be supported
2024-12-11 18:15:40,140 [INFO] logging in using static token
2024-12-11 18:15:42,124 [INFO] Shard ID None has connected to Gateway (Session ID: b1bdc5a95169f78656e707f83e120f86).
